[0.517s] Invoking command in '/home/usuario/Proyecto3/g03_prii3_ws/build/g03_prii3_turtlesim': PYTHONPATH=/home/usuario/Proyecto3/g03_prii3_ws/build/g03_prii3_turtlesim/prefix_override:/usr/lib/python3/dist-packages/colcon_core/task/python/colcon_distutils_commands:/home/usuario/Proyecto3/g03_prii3_ws/install/g03_prii3_turtlesim/lib/python3.8/site-packages:${PYTHONPATH} /usr/bin/python3 -W ignore:setup.py install is deprecated -W ignore:easy_install command is deprecated setup.py develop --editable --build-directory /home/usuario/Proyecto3/g03_prii3_ws/build/g03_prii3_turtlesim/build --no-deps symlink_data
[0.694s] running develop
[0.784s] running egg_info
[0.785s] creating g03_prii3_turtlesim.egg-info
[0.785s] writing g03_prii3_turtlesim.egg-info/PKG-INFO
[0.785s] writing dependency_links to g03_prii3_turtlesim.egg-info/dependency_links.txt
[0.785s] writing entry points to g03_prii3_turtlesim.egg-info/entry_points.txt
[0.785s] writing requirements to g03_prii3_turtlesim.egg-info/requires.txt
[0.785s] writing top-level names to g03_prii3_turtlesim.egg-info/top_level.txt
[0.786s] writing manifest file 'g03_prii3_turtlesim.egg-info/SOURCES.txt'
[0.814s] reading manifest file 'g03_prii3_turtlesim.egg-info/SOURCES.txt'
[0.815s] writing manifest file 'g03_prii3_turtlesim.egg-info/SOURCES.txt'
[0.841s] running build_ext
[0.841s] Creating /home/usuario/Proyecto3/g03_prii3_ws/install/g03_prii3_turtlesim/lib/python3.8/site-packages/site.py
[0.843s] Creating /home/usuario/Proyecto3/g03_prii3_ws/install/g03_prii3_turtlesim/lib/python3.8/site-packages/g03-prii3-turtlesim.egg-link (link to .)
[0.843s] Installing auto_turtle script to /home/usuario/Proyecto3/g03_prii3_ws/install/g03_prii3_turtlesim/lib/g03_prii3_turtlesim
[0.844s] 
[0.844s] Installed /home/usuario/Proyecto3/g03_prii3_ws/build/g03_prii3_turtlesim
[0.844s] running symlink_data
[0.844s] creating /home/usuario/Proyecto3/g03_prii3_ws/install/g03_prii3_turtlesim/share/ament_index
[0.844s] creating /home/usuario/Proyecto3/g03_prii3_ws/install/g03_prii3_turtlesim/share/ament_index/resource_index
[0.844s] creating /home/usuario/Proyecto3/g03_prii3_ws/install/g03_prii3_turtlesim/share/ament_index/resource_index/packages
[0.844s] symbolically linking /home/usuario/Proyecto3/g03_prii3_ws/build/g03_prii3_turtlesim/resource/g03_prii3_turtlesim -> /home/usuario/Proyecto3/g03_prii3_ws/install/g03_prii3_turtlesim/share/ament_index/resource_index/packages
[0.845s] symbolically linking /home/usuario/Proyecto3/g03_prii3_ws/build/g03_prii3_turtlesim/package.xml -> /home/usuario/Proyecto3/g03_prii3_ws/install/g03_prii3_turtlesim/share/g03_prii3_turtlesim
[0.845s] creating /home/usuario/Proyecto3/g03_prii3_ws/install/g03_prii3_turtlesim/share/g03_prii3_turtlesim/launch
[0.845s] symbolically linking /home/usuario/Proyecto3/g03_prii3_ws/build/g03_prii3_turtlesim/launch/auto_turtle_launch.py -> /home/usuario/Proyecto3/g03_prii3_ws/install/g03_prii3_turtlesim/share/g03_prii3_turtlesim/launch
[0.845s] symbolically linking /home/usuario/Proyecto3/g03_prii3_ws/build/g03_prii3_turtlesim/launch/draw_group.launch.py -> /home/usuario/Proyecto3/g03_prii3_ws/install/g03_prii3_turtlesim/share/g03_prii3_turtlesim/launch
[0.881s] Invoked command in '/home/usuario/Proyecto3/g03_prii3_ws/build/g03_prii3_turtlesim' returned '0': PYTHONPATH=/home/usuario/Proyecto3/g03_prii3_ws/build/g03_prii3_turtlesim/prefix_override:/usr/lib/python3/dist-packages/colcon_core/task/python/colcon_distutils_commands:/home/usuario/Proyecto3/g03_prii3_ws/install/g03_prii3_turtlesim/lib/python3.8/site-packages:${PYTHONPATH} /usr/bin/python3 -W ignore:setup.py install is deprecated -W ignore:easy_install command is deprecated setup.py develop --editable --build-directory /home/usuario/Proyecto3/g03_prii3_ws/build/g03_prii3_turtlesim/build --no-deps symlink_data
