running develop
running egg_info
creating g03_prii3_move_jetbot.egg-info
writing g03_prii3_move_jetbot.egg-info/PKG-INFO
writing dependency_links to g03_prii3_move_jetbot.egg-info/dependency_links.txt
writing entry points to g03_prii3_move_jetbot.egg-info/entry_points.txt
writing requirements to g03_prii3_move_jetbot.egg-info/requires.txt
writing top-level names to g03_prii3_move_jetbot.egg-info/top_level.txt
writing manifest file 'g03_prii3_move_jetbot.egg-info/SOURCES.txt'
reading manifest file 'g03_prii3_move_jetbot.egg-info/SOURCES.txt'
writing manifest file 'g03_prii3_move_jetbot.egg-info/SOURCES.txt'
running build_ext
Creating /home/usuario/Proyecto3/G03_grii3_ws_ProyectoIII/src/g03_prii3_move_jetbot/install/g03_prii3_move_jetbot/lib/python3.8/site-packages/site.py
Creating /home/usuario/Proyecto3/G03_grii3_ws_ProyectoIII/src/g03_prii3_move_jetbot/install/g03_prii3_move_jetbot/lib/python3.8/site-packages/g03-prii3-move-jetbot.egg-link (link to .)

Installed /home/usuario/Proyecto3/G03_grii3_ws_ProyectoIII/src/g03_prii3_move_jetbot/build/g03_prii3_move_jetbot
running symlink_data
creating /home/usuario/Proyecto3/G03_grii3_ws_ProyectoIII/src/g03_prii3_move_jetbot/install/g03_prii3_move_jetbot/share/ament_index
creating /home/usuario/Proyecto3/G03_grii3_ws_ProyectoIII/src/g03_prii3_move_jetbot/install/g03_prii3_move_jetbot/share/ament_index/resource_index
creating /home/usuario/Proyecto3/G03_grii3_ws_ProyectoIII/src/g03_prii3_move_jetbot/install/g03_prii3_move_jetbot/share/ament_index/resource_index/packages
symbolically linking /home/usuario/Proyecto3/G03_grii3_ws_ProyectoIII/src/g03_prii3_move_jetbot/build/g03_prii3_move_jetbot/resource/g03_prii3_move_jetbot -> /home/usuario/Proyecto3/G03_grii3_ws_ProyectoIII/src/g03_prii3_move_jetbot/install/g03_prii3_move_jetbot/share/ament_index/resource_index/packages
symbolically linking /home/usuario/Proyecto3/G03_grii3_ws_ProyectoIII/src/g03_prii3_move_jetbot/build/g03_prii3_move_jetbot/package.xml -> /home/usuario/Proyecto3/G03_grii3_ws_ProyectoIII/src/g03_prii3_move_jetbot/install/g03_prii3_move_jetbot/share/g03_prii3_move_jetbot
