[0.856s] Invoking command in '/home/usuario/Proyecto3/G03_grii3_ws_ProyectoIII/src/g03_prii3_move_jetbot/build/g03_prii3_move_jetbot': PYTHONPATH=/home/usuario/Proyecto3/G03_grii3_ws_ProyectoIII/src/g03_prii3_move_jetbot/build/g03_prii3_move_jetbot/prefix_override:/usr/lib/python3/dist-packages/colcon_core/task/python/colcon_distutils_commands:/home/usuario/Proyecto3/G03_grii3_ws_ProyectoIII/src/g03_prii3_move_jetbot/install/g03_prii3_move_jetbot/lib/python3.8/site-packages:${PYTHONPATH} /usr/bin/python3 -W ignore:setup.py install is deprecated -W ignore:easy_install command is deprecated setup.py develop --editable --build-directory /home/usuario/Proyecto3/G03_grii3_ws_ProyectoIII/src/g03_prii3_move_jetbot/build/g03_prii3_move_jetbot/build --no-deps symlink_data
[1.208s] running develop
[1.209s] running egg_info
[1.209s] creating g03_prii3_move_jetbot.egg-info
[1.209s] writing g03_prii3_move_jetbot.egg-info/PKG-INFO
[1.210s] writing dependency_links to g03_prii3_move_jetbot.egg-info/dependency_links.txt
[1.210s] writing entry points to g03_prii3_move_jetbot.egg-info/entry_points.txt
[1.210s] writing requirements to g03_prii3_move_jetbot.egg-info/requires.txt
[1.210s] writing top-level names to g03_prii3_move_jetbot.egg-info/top_level.txt
[1.216s] writing manifest file 'g03_prii3_move_jetbot.egg-info/SOURCES.txt'
[1.239s] reading manifest file 'g03_prii3_move_jetbot.egg-info/SOURCES.txt'
[1.239s] writing manifest file 'g03_prii3_move_jetbot.egg-info/SOURCES.txt'
[1.266s] running build_ext
[1.268s] Creating /home/usuario/Proyecto3/G03_grii3_ws_ProyectoIII/src/g03_prii3_move_jetbot/install/g03_prii3_move_jetbot/lib/python3.8/site-packages/site.py
[1.271s] Creating /home/usuario/Proyecto3/G03_grii3_ws_ProyectoIII/src/g03_prii3_move_jetbot/install/g03_prii3_move_jetbot/lib/python3.8/site-packages/g03-prii3-move-jetbot.egg-link (link to .)
[1.271s] 
[1.271s] Installed /home/usuario/Proyecto3/G03_grii3_ws_ProyectoIII/src/g03_prii3_move_jetbot/build/g03_prii3_move_jetbot
[1.271s] running symlink_data
[1.272s] creating /home/usuario/Proyecto3/G03_grii3_ws_ProyectoIII/src/g03_prii3_move_jetbot/install/g03_prii3_move_jetbot/share/ament_index
[1.272s] creating /home/usuario/Proyecto3/G03_grii3_ws_ProyectoIII/src/g03_prii3_move_jetbot/install/g03_prii3_move_jetbot/share/ament_index/resource_index
[1.272s] creating /home/usuario/Proyecto3/G03_grii3_ws_ProyectoIII/src/g03_prii3_move_jetbot/install/g03_prii3_move_jetbot/share/ament_index/resource_index/packages
[1.272s] symbolically linking /home/usuario/Proyecto3/G03_grii3_ws_ProyectoIII/src/g03_prii3_move_jetbot/build/g03_prii3_move_jetbot/resource/g03_prii3_move_jetbot -> /home/usuario/Proyecto3/G03_grii3_ws_ProyectoIII/src/g03_prii3_move_jetbot/install/g03_prii3_move_jetbot/share/ament_index/resource_index/packages
[1.272s] symbolically linking /home/usuario/Proyecto3/G03_grii3_ws_ProyectoIII/src/g03_prii3_move_jetbot/build/g03_prii3_move_jetbot/package.xml -> /home/usuario/Proyecto3/G03_grii3_ws_ProyectoIII/src/g03_prii3_move_jetbot/install/g03_prii3_move_jetbot/share/g03_prii3_move_jetbot
[1.302s] Invoked command in '/home/usuario/Proyecto3/G03_grii3_ws_ProyectoIII/src/g03_prii3_move_jetbot/build/g03_prii3_move_jetbot' returned '0': PYTHONPATH=/home/usuario/Proyecto3/G03_grii3_ws_ProyectoIII/src/g03_prii3_move_jetbot/build/g03_prii3_move_jetbot/prefix_override:/usr/lib/python3/dist-packages/colcon_core/task/python/colcon_distutils_commands:/home/usuario/Proyecto3/G03_grii3_ws_ProyectoIII/src/g03_prii3_move_jetbot/install/g03_prii3_move_jetbot/lib/python3.8/site-packages:${PYTHONPATH} /usr/bin/python3 -W ignore:setup.py install is deprecated -W ignore:easy_install command is deprecated setup.py develop --editable --build-directory /home/usuario/Proyecto3/G03_grii3_ws_ProyectoIII/src/g03_prii3_move_jetbot/build/g03_prii3_move_jetbot/build --no-deps symlink_data
